<?xml version="1.0" encoding="UTF-8"?>
<!-- Generated by org.testng.reporters.JUnitXMLReporter -->
<testsuite hostname="ProDCWS-58" ignored="0" name="Test" tests="2" failures="2" timestamp="2020-02-06T04:30:50 PST" time="44.469" errors="0">
  <testcase name="verifyFilterSectionFields" time="31.571" classname="gov.nv.dwss.nvkids.testcases.bstl.ViewBatchErrorsTestcase">
    <failure type="java.lang.AssertionError" message="The element is not accessible">
      <![CDATA[java.lang.AssertionError: The element is not accessible
at org.junit.Assert.fail(Assert.java:88)
at gov.nv.dwss.nvkids.selenium.api.base.SeleniumBase.click(SeleniumBase.java:179)
at gov.nv.dwss.nvkids.pages.home.HomePage.quickNavigation_BSTL(HomePage.java:72)
at gov.nv.dwss.nvkids.testcases.bstl.ViewBatchErrorsTestcase.verifyFilterSectionFields(ViewBatchErrorsTestcase.java:64)
at java.util.concurrent.ThreadPoolExecutor.runWorker(Unknown Source)
at java.util.concurrent.ThreadPoolExecutor$Worker.run(Unknown Source)
at java.lang.Thread.run(Unknown Source)
... Removed 12 stack frames]]>
    </failure>
  </testcase> <!-- verifyFilterSectionFields -->
  <testcase name="verifySuccessfulInquiry" time="32.212" classname="gov.nv.dwss.nvkids.testcases.bstl.ViewBatchErrorsTestcase">
    <failure type="java.lang.AssertionError" message="The element is not accessible">
      <![CDATA[java.lang.AssertionError: The element is not accessible
at org.junit.Assert.fail(Assert.java:88)
at gov.nv.dwss.nvkids.selenium.api.base.SeleniumBase.click(SeleniumBase.java:179)
at gov.nv.dwss.nvkids.pages.home.HomePage.quickNavigation_BSTL(HomePage.java:72)
at gov.nv.dwss.nvkids.testcases.bstl.ViewBatchErrorsTestcase.verifySuccessfulInquiry(ViewBatchErrorsTestcase.java:71)
at java.util.concurrent.ThreadPoolExecutor.runWorker(Unknown Source)
at java.util.concurrent.ThreadPoolExecutor$Worker.run(Unknown Source)
at java.lang.Thread.run(Unknown Source)
... Removed 12 stack frames]]>
    </failure>
  </testcase> <!-- verifySuccessfulInquiry -->
</testsuite> <!-- Test -->
